<?xml version="1.0" encoding="UTF-8" ?>
<testsuites>
  <testsuite errors="0" failures="0" hostname="cule-laptop" id="0" name="DefaultTest" package="com.olivelabs.loadbalancer" tests="1" time="0.08" timestamp="2010-09-24T21:34:49">
      <properties>
[...]
</properties>

      <testcase classname="com.olivelabs.loadbalancer.DefaultTest" name="testJUnit" time="0.0040" />

      <system-out><![CDATA[This is default JUnit Test case.
]]></system-out>

      <system-err><![CDATA[]]></system-err>

  </testsuite>
</testsuites>
